app/build/outputs/logs/manifest-merger-debug-report.txt
-- Merging decision tree log ---
manifest
ADDED from src\main\AndroidManifest.xml:30:1-74:12
	package
		ADDED from src\main\AndroidManifest.xml:30:11-47
		INJECTED from src\main\AndroidManifest.xml
		INJECTED from src\main\AndroidManifest.xml
	android:versionName
		INJECTED from src\main\AndroidManifest.xml
		INJECTED from src\main\AndroidManifest.xml
	xmlns:android
		ADDED from src\main\AndroidManifest.xml:31:11-69
	android:versionCode
		INJECTED from src\main\AndroidManifest.xml
		INJECTED from src\main\AndroidManifest.xml
	android:installLocation
		ADDED from src\main\AndroidManifest.xml:32:11-41
uses-permission#android.permission.ACCESS_WIFI_STATE
ADDED from src\main\AndroidManifest.xml:34:5-92
	android:name
		ADDED from src\main\AndroidManifest.xml:34:22-73
uses-permission#android.permission.CHANGE_WIFI_STATE
ADDED from src\main\AndroidManifest.xml:35:5-92
	android:name
		ADDED from src\main\AndroidManifest.xml:35:22-73
uses-permission#android.permission.ACCESS_FINE_LOCATION
ADDED from src\main\AndroidManifest.xml:36:5-95
	android:name
		ADDED from src\main\AndroidManifest.xml:36:22-76
application
ADDED from src\main\AndroidManifest.xml:38:5-72:19
	android:label
		ADDED from src\main\AndroidManifest.xml:40:9-41
	android:icon
		ADDED from src\main\AndroidManifest.xml:39:9-38
activity#com.farproc.wifi.connecter.MainActivity
ADDED from src\main\AndroidManifest.xml:51:9-67:20
	android:excludeFromRecents
		ADDED from src\main\AndroidManifest.xml:53:13-46
	android:launchMode
		ADDED from src\main\AndroidManifest.xml:54:13-48
	android:noHistory
		ADDED from src\main\AndroidManifest.xml:55:13-37
	android:theme
		ADDED from src\main\AndroidManifest.xml:56:13-50
	android:name
		ADDED from src\main\AndroidManifest.xml:52:13-40
intent-filter#android.intent.category.INFO
ADDED from src\main\AndroidManifest.xml:58:13-60:29
category#android.intent.category.INFO
ADDED from src\main\AndroidManifest.xml:59:17-72
	android:name
		ADDED from src\main\AndroidManifest.xml:59:27-70
intent-filter#android.intent.category.DEFAULT+com.farproc.wifi.connecter.action.CONNECT_OR_EDIT
ADDED from src\main\AndroidManifest.xml:62:13-65:29
action#com.farproc.wifi.connecter.action.CONNECT_OR_EDIT
ADDED from src\main\AndroidManifest.xml:63:17-91
	android:name
		ADDED from src\main\AndroidManifest.xml:63:25-89
category#android.intent.category.DEFAULT
ADDED from src\main\AndroidManifest.xml:64:17-75
	android:name
		ADDED from src\main\AndroidManifest.xml:64:27-73
service#com.farproc.wifi.connecter.ReenableAllApsWhenNetworkStateChanged$BackgroundService
ADDED from src\main\AndroidManifest.xml:70:9-90
	android:name
		ADDED from src\main\AndroidManifest.xml:70:18-88
uses-sdk
INJECTED from src\main\AndroidManifest.xml reason: use-sdk injection requested
	android:targetSdkVersion
		INJECTED from src\main\AndroidManifest.xml
		INJECTED from src\main\AndroidManifest.xml
	android:minSdkVersion
		INJECTED from src\main\AndroidManifest.xml
		INJECTED from src\main\AndroidManifest.xml